build/app/intermediates/manifest_merge_blame_file/release/manifest-merger-blame-release-report.txt
1<?xml version="1.0" encoding="utf-8"?>
2<manifest xmlns:android="http://schemas.android.com/apk/res/android"
3    package="com.otistories.otistories"
4    android:versionCode="12"
5    android:versionName="1.2.2" >
6
7    <uses-sdk
8        android:minSdkVersion="17"
8-->src\main\AndroidManifest.xml
9        android:targetSdkVersion="29" />
9-->src\main\AndroidManifest.xml
10
11    <uses-permission android:name="android.permission.INTERNET" />
11-->src\main\AndroidManifest.xml:4:5-67
11-->src\main\AndroidManifest.xml:4:22-64
12    <uses-permission android:name="android.permission.RECEIVE_BOOT_COMPLETED" />
12-->src\main\AndroidManifest.xml:5:5-81
12-->src\main\AndroidManifest.xml:5:22-78
13    <uses-permission android:name="android.permission.VIBRATE" />
13-->src\main\AndroidManifest.xml:6:5-66
13-->src\main\AndroidManifest.xml:6:22-63
14    <uses-permission android:name="android.permission.WAKE_LOCK" />
14-->src\main\AndroidManifest.xml:7:5-68
14-->src\main\AndroidManifest.xml:7:22-65
15    <uses-permission android:name="android.permission.ACCESS_NETWORK_STATE" />
15-->src\main\AndroidManifest.xml:8:5-79
15-->src\main\AndroidManifest.xml:8:22-76
16    <uses-permission android:name="android.permission.FOREGROUND_SERVICE" />
16-->src\main\AndroidManifest.xml:9:5-76
16-->src\main\AndroidManifest.xml:9:22-74
17    <uses-permission android:name="android.permission.READ_EXTERNAL_STORAGE" />
17-->src\main\AndroidManifest.xml:10:5-80
17-->src\main\AndroidManifest.xml:10:22-77
18    <uses-permission android:name="android.permission.WRITE_EXTERNAL_STORAGE" />
18-->src\main\AndroidManifest.xml:11:5-81
18-->src\main\AndroidManifest.xml:11:22-78
19    <uses-permission android:name="android.permission.ACCESS_WIFI_STATE" />
19-->[:connectivity] AndroidManifest.xml:8:5-76
19-->[:connectivity] AndroidManifest.xml:8:22-73
20    <!--
21    io.flutter.app.FlutterApplication is an android.app.Application that
22    calls FlutterMain.startInitialization(this); in its onCreate method.
23    In most cases you can leave this as-is, but you if you want to provide
24    additional functionality it is fine to subclass or reimplement
25    FlutterApplication and put your custom class here.
26    -->
27    <!-- <application -->
28    <!-- android:name=".Application"/> -->
29    <application
29-->src\main\AndroidManifest.xml:22:5-82:19
30        android:name="io.flutter.app.FlutterApplication"
30-->src\main\AndroidManifest.xml:23:9-57
31        android:appComponentFactory="androidx.core.app.CoreComponentFactory"
31-->[androidx.core:core:1.3.1] AndroidManifest.xml:24:18-86
32        android:icon="@mipmap/ic_launcher"
32-->src\main\AndroidManifest.xml:24:9-43
33        android:label="Oti Stories" >
33-->src\main\AndroidManifest.xml:25:9-36
34        <meta-data
34-->src\main\AndroidManifest.xml:26:9-28:54
35            android:name="com.google.firebase.messaging.default_notification_icon"
35-->src\main\AndroidManifest.xml:27:13-83
36            android:resource="@drawable/note_icon" />
36-->src\main\AndroidManifest.xml:28:13-51
37
38        <receiver android:name="com.dexterous.flutterlocalnotifications.ScheduledNotificationReceiver" />
38-->src\main\AndroidManifest.xml:30:9-106
38-->src\main\AndroidManifest.xml:30:19-103
39        <receiver android:name="com.dexterous.flutterlocalnotifications.ScheduledNotificationBootReceiver" >
39-->src\main\AndroidManifest.xml:31:9-35:20
39-->src\main\AndroidManifest.xml:31:19-107
40            <intent-filter>
40-->src\main\AndroidManifest.xml:32:13-34:29
41                <action android:name="android.intent.action.BOOT_COMPLETED" />
41-->src\main\AndroidManifest.xml:33:17-86
41-->src\main\AndroidManifest.xml:33:25-76
42            </intent-filter>
43        </receiver>
44
45        <!-- <service android:name=".MyService" android:exported="true" android:enabled="true"/> -->
46
47        <activity
47-->src\main\AndroidManifest.xml:39:9-54:20
48            android:name="com.otistories.otistories.MainActivity"
48-->src\main\AndroidManifest.xml:40:13-41
49            android:configChanges="orientation|keyboardHidden|keyboard|screenSize|smallestScreenSize|locale|layoutDirection|fontScale|screenLayout|density|uiMode"
49-->src\main\AndroidManifest.xml:41:13-163
50            android:hardwareAccelerated="true"
50-->src\main\AndroidManifest.xml:42:13-47
51            android:launchMode="singleTop"
51-->src\main\AndroidManifest.xml:43:13-43
52            android:theme="@style/LaunchTheme"
52-->src\main\AndroidManifest.xml:44:13-47
53            android:windowSoftInputMode="adjustResize" >
53-->src\main\AndroidManifest.xml:45:13-55
54            <intent-filter>
54-->src\main\AndroidManifest.xml:46:13-49:29
55                <action android:name="android.intent.action.MAIN" />
55-->src\main\AndroidManifest.xml:47:17-69
55-->src\main\AndroidManifest.xml:47:25-66
56
57                <category android:name="android.intent.category.LAUNCHER" />
57-->src\main\AndroidManifest.xml:48:17-77
57-->src\main\AndroidManifest.xml:48:27-74
58            </intent-filter>
59            <intent-filter>
59-->src\main\AndroidManifest.xml:50:13-53:29
60                <action android:name="FLUTTER_NOTIFICATION_CLICK" />
60-->src\main\AndroidManifest.xml:51:17-69
60-->src\main\AndroidManifest.xml:51:25-66
61
62                <category android:name="android.intent.category.DEFAULT" />
62-->src\main\AndroidManifest.xml:52:17-76
62-->src\main\AndroidManifest.xml:52:27-73
63            </intent-filter>
64        </activity>
65        <!--
66        Don't delete the meta-data below.
67        This is used by the Flutter tool to generate GeneratedPluginRegistrant.java
68        -->
69        <meta-data
69-->src\main\AndroidManifest.xml:59:9-62:33
70            android:name="flutterEmbedding"
70-->src\main\AndroidManifest.xml:60:13-44
71            android:resource="@drawable/note_icon"
71-->src\main\AndroidManifest.xml:61:13-51
72            android:value="2" />
72-->src\main\AndroidManifest.xml:62:13-30
73        />
74        <provider
74-->src\main\AndroidManifest.xml:64:9-72:14
75            android:name="androidx.core.content.FileProvider"
75-->src\main\AndroidManifest.xml:65:9-58
76            android:authorities="com.otistories.otistories.flutter_inappwebview.fileprovider"
76-->src\main\AndroidManifest.xml:66:9-90
77            android:exported="false"
77-->src\main\AndroidManifest.xml:67:9-33
78            android:grantUriPermissions="true" >
78-->src\main\AndroidManifest.xml:68:9-43
79            <meta-data
79-->src\main\AndroidManifest.xml:69:4-71:54
80                android:name="android.support.FILE_PROVIDER_PATHS"
80-->src\main\AndroidManifest.xml:70:13-63
81                android:resource="@xml/provider_paths" />
81-->src\main\AndroidManifest.xml:71:13-51
82        </provider>
83        <provider
83-->src\main\AndroidManifest.xml:73:9-81:20
84            android:name="vn.hunghd.flutterdownloader.DownloadedFileProvider"
84-->src\main\AndroidManifest.xml:74:13-78
85            android:authorities="com.otistories.otistories.flutter_downloader.provider"
85-->src\main\AndroidManifest.xml:75:13-88
86            android:exported="false"
86-->src\main\AndroidManifest.xml:76:13-37
87            android:grantUriPermissions="true" >
87-->src\main\AndroidManifest.xml:77:13-47
88            <meta-data
88-->src\main\AndroidManifest.xml:69:4-71:54
89                android:name="android.support.FILE_PROVIDER_PATHS"
89-->src\main\AndroidManifest.xml:70:13-63
90                android:resource="@xml/provider_paths" />
90-->src\main\AndroidManifest.xml:71:13-51
91        </provider>
92
93        <activity
93-->[:url_launcher] AndroidManifest.xml:8:9-11:74
94            android:name="io.flutter.plugins.urllauncher.WebViewActivity"
94-->[:url_launcher] AndroidManifest.xml:9:13-74
95            android:exported="false"
95-->[:url_launcher] AndroidManifest.xml:10:13-37
96            android:theme="@android:style/Theme.NoTitleBar.Fullscreen" />
96-->[:url_launcher] AndroidManifest.xml:11:13-71
97        <activity
97-->[:flutter_inappwebview] AndroidManifest.xml:8:9-11:47
98            android:name="com.pichillilorenzo.flutter_inappwebview.InAppBrowser.InAppBrowserActivity"
98-->[:flutter_inappwebview] AndroidManifest.xml:9:13-102
99            android:configChanges="orientation|screenSize"
99-->[:flutter_inappwebview] AndroidManifest.xml:10:13-59
100            android:theme="@style/AppTheme" />
100-->[:flutter_inappwebview] AndroidManifest.xml:11:13-44
101        <activity
101-->[:flutter_inappwebview] AndroidManifest.xml:12:9-15:55
102            android:name="com.pichillilorenzo.flutter_inappwebview.ChromeCustomTabs.ChromeCustomTabsActivity"
102-->[:flutter_inappwebview] AndroidManifest.xml:13:13-110
103            android:configChanges="orientation|screenSize"
103-->[:flutter_inappwebview] AndroidManifest.xml:14:13-59
104            android:theme="@style/ThemeTransparent" />
104-->[:flutter_inappwebview] AndroidManifest.xml:15:13-52
105
106        <receiver android:name="com.pichillilorenzo.flutter_inappwebview.ChromeCustomTabs.ActionBroadcastReceiver" />
106-->[:flutter_inappwebview] AndroidManifest.xml:17:9-118
106-->[:flutter_inappwebview] AndroidManifest.xml:17:19-115
107
108        <provider
108-->[:share] AndroidManifest.xml:8:9-16:20
109            android:name="io.flutter.plugins.share.ShareFileProvider"
109-->[:share] AndroidManifest.xml:9:13-70
110            android:authorities="com.otistories.otistories.flutter.share_provider"
110-->[:share] AndroidManifest.xml:10:13-74
111            android:exported="false"
111-->[:share] AndroidManifest.xml:11:13-37
112            android:grantUriPermissions="true" >
112-->[:share] AndroidManifest.xml:12:13-47
113            <meta-data
113-->src\main\AndroidManifest.xml:69:4-71:54
114                android:name="android.support.FILE_PROVIDER_PATHS"
114-->src\main\AndroidManifest.xml:70:13-63
115                android:resource="@xml/flutter_share_file_paths" />
115-->src\main\AndroidManifest.xml:71:13-51
116        </provider>
117    </application>
118
119</manifest>